SF:lib/framework/config/dragonfly_app.dart
DA:22,2
DA:30,2
DA:31,2
DA:32,4
DA:33,4
DA:35,3
DA:36,1
DA:39,2
DA:40,1
DA:43,2
DA:46,4
DA:47,6
DA:48,6
DA:52,5
DA:53,1
DA:54,2
DA:55,2
DA:56,1
DA:57,2
DA:64,5
DA:65,1
DA:69,5
DA:70,1
DA:71,1
DA:72,0
DA:73,0
DA:74,0
DA:81,6
DA:83,2
DA:84,1
DA:86,1
LF:31
LH:28
end_of_record
SF:lib/framework/config/dragonfly_config.dart
DA:42,2
DA:58,0
DA:76,0
DA:82,2
DA:85,2
DA:86,4
DA:88,4
DA:89,2
DA:90,2
DA:93,2
DA:94,2
DA:98,2
DA:100,2
DA:102,2
DA:103,2
DA:105,2
DA:107,2
DA:108,2
DA:109,4
DA:111,0
DA:124,1
DA:136,2
DA:139,2
DA:140,2
DA:144,2
DA:145,2
DA:146,2
DA:149,2
DA:151,2
DA:153,2
DA:155,2
DA:158,2
DA:159,0
DA:162,0
DA:176,0
DA:182,2
DA:184,2
DA:185,4
DA:187,4
DA:188,2
DA:189,2
DA:191,4
DA:192,2
DA:196,2
DA:197,4
DA:199,2
DA:200,4
DA:202,2
DA:203,4
DA:204,2
DA:205,4
DA:207,0
DA:215,1
DA:227,2
DA:229,4
DA:230,2
DA:234,2
DA:235,2
DA:236,2
DA:239,4
DA:241,2
DA:243,4
DA:245,2
DA:248,2
DA:249,0
DA:252,0
DA:262,3
DA:296,3
LF:68
LH:59
end_of_record
SF:lib/framework/config/dragonfly_local_storage_config.dart
DA:3,0
LF:1
LH:0
end_of_record
SF:lib/framework/config/dragonfly_network_config.dart
DA:13,5
LF:1
LH:1
end_of_record
SF:lib/framework/functional/either.dart
DA:7,1
DA:10,2
DA:13,2
DA:57,1
DA:62,2
DA:64,2
DA:77,1
DA:82,2
DA:84,2
DA:90,1
DA:92,1
DA:94,2
DA:100,1
DA:105,5
DA:113,1
DA:115,1
DA:118,1
DA:121,1
DA:122,1
DA:124,1
DA:125,1
DA:127,1
DA:130,1
DA:131,2
DA:133,1
DA:135,2
DA:137,1
DA:138,2
DA:140,1
DA:141,3
DA:143,1
DA:144,2
DA:146,1
DA:147,2
DA:149,1
DA:151,4
DA:153,1
DA:154,2
DA:156,1
DA:157,2
DA:164,1
DA:166,1
DA:169,1
DA:172,1
DA:173,1
DA:175,1
DA:176,1
DA:178,1
DA:179,1
DA:181,1
DA:182,1
DA:184,1
DA:186,2
DA:188,1
DA:189,3
DA:191,1
DA:192,2
DA:194,1
DA:195,2
DA:197,1
DA:198,2
DA:200,1
DA:202,4
DA:204,1
DA:205,2
DA:207,1
DA:208,2
DA:214,3
DA:217,1
DA:218,3
DA:223,1
DA:224,3
DA:232,1
DA:234,1
DA:238,1
DA:241,1
DA:242,2
DA:244,2
LF:78
LH:78
end_of_record
SF:lib/framework/exceptions/dragonfly_exception.dart
DA:6,3
DA:11,1
DA:12,4
LF:3
LH:3
end_of_record
SF:lib/framework/navigation/navigation_extensions.dart
DA:6,1
DA:7,2
DA:11,1
DA:12,1
DA:13,1
DA:17,1
DA:19,2
DA:20,1
DA:25,1
DA:26,2
DA:30,3
DA:33,2
LF:12
LH:12
end_of_record
SF:lib/framework/di/dragonfly_container.dart
DA:16,36
DA:17,2
DA:18,24
DA:22,12
DA:23,36
DA:26,36
DA:31,1
DA:33,1
DA:34,2
DA:35,2
DA:38,2
DA:42,7
DA:44,7
DA:45,21
DA:46,7
DA:51,7
DA:53,7
DA:54,7
DA:59,4
DA:64,4
DA:65,4
DA:70,4
DA:72,8
DA:76,3
DA:79,6
DA:83,3
DA:91,3
DA:92,3
DA:97,2
DA:99,4
DA:103,3
DA:106,6
DA:110,3
DA:117,3
DA:118,3
DA:123,2
DA:129,4
DA:135,5
DA:137,5
DA:138,15
DA:139,5
DA:140,10
DA:143,2
DA:144,2
DA:147,2
DA:149,2
DA:153,1
DA:158,1
DA:159,3
DA:160,1
DA:161,0
DA:164,1
DA:165,1
DA:168,2
DA:169,2
DA:170,2
DA:171,2
DA:172,8
DA:173,4
DA:174,4
DA:175,2
DA:176,1
DA:178,4
DA:179,6
DA:180,4
DA:182,2
DA:183,2
DA:185,3
DA:187,4
DA:191,2
DA:194,7
DA:195,14
DA:196,21
DA:200,2
DA:201,4
DA:202,0
DA:207,14
DA:210,3
DA:215,9
DA:216,5
DA:217,2
DA:220,3
DA:221,9
DA:222,6
DA:223,5
DA:224,2
DA:226,5
DA:233,12
DA:234,36
DA:235,3
DA:237,31
DA:238,7
DA:240,24
DA:248,2
DA:250,2
DA:251,4
DA:252,4
DA:253,4
DA:254,2
DA:256,0
DA:257,2
DA:261,2
DA:262,1
DA:266,2
DA:267,4
DA:268,4
DA:269,4
DA:271,4
DA:280,2
DA:285,2
DA:286,6
DA:287,2
DA:289,2
DA:290,2
DA:291,0
DA:293,2
DA:294,3
DA:303,7
DA:304,7
DA:306,49
DA:307,7
DA:308,35
DA:322,7
DA:330,4
DA:340,4
DA:347,3
DA:354,3
DA:364,12
DA:365,3
DA:366,4
DA:371,3
DA:381,2
DA:388,3
DA:397,4
DA:400,6
DA:402,5
DA:403,5
DA:404,5
DA:405,1
DA:407,8
DA:408,9
DA:409,5
DA:411,5
DA:414,8
DA:415,8
DA:416,4
DA:417,4
DA:419,0
DA:422,0
DA:423,0
DA:424,0
DA:425,0
DA:426,0
DA:427,0
DA:428,0
DA:432,0
DA:435,0
DA:438,0
DA:439,0
DA:440,0
DA:441,0
DA:444,0
DA:447,7
DA:448,14
DA:449,6
LF:165
LH:146
end_of_record
SF:lib/framework/di/dragonfly_container_helper.dart
DA:18,2
DA:20,2
DA:22,4
DA:24,4
DA:25,4
DA:26,0
DA:30,0
DA:31,0
DA:35,4
DA:36,4
DA:37,0
DA:43,2
DA:48,4
DA:54,0
DA:59,0
DA:65,1
DA:66,2
DA:71,1
DA:76,1
DA:77,2
DA:86,1
DA:92,1
DA:94,2
DA:95,2
DA:96,0
DA:102,2
DA:108,1
DA:113,1
DA:118,1
DA:119,2
DA:128,1
DA:133,1
DA:134,2
DA:143,1
DA:149,1
DA:150,2
DA:160,1
DA:167,1
DA:169,0
DA:170,0
DA:171,0
DA:178,2
DA:185,1
DA:190,1
DA:197,1
DA:198,2
DA:199,1
DA:209,1
DA:218,1
DA:220,0
DA:221,0
DA:229,2
DA:238,1
DA:243,1
DA:251,1
DA:252,2
DA:264,1
DA:268,1
DA:269,2
DA:271,1
DA:272,1
DA:273,1
DA:277,1
DA:282,1
DA:285,2
DA:287,2
DA:290,1
LF:67
LH:55
end_of_record
SF:lib/framework/di/environment_filter.dart
DA:15,4
DA:28,1
DA:30,1
DA:32,1
DA:33,2
DA:39,4
DA:40,7
DA:42,3
DA:44,3
DA:45,9
DA:52,1
DA:54,1
DA:56,1
DA:57,2
DA:64,0
DA:66,1
DA:68,1
DA:69,3
DA:74,9
LF:19
LH:18
end_of_record
SF:lib/framework/network/adapter/dragonfly_base_network_adapter.dart
DA:67,1
DA:77,1
DA:84,1
DA:85,1
DA:90,1
DA:93,1
LF:6
LH:6
end_of_record
SF:lib/framework/network/adapter/dragonfly_network_http_adapter.dart
DA:18,6
DA:23,2
DA:25,1
DA:28,1
DA:32,1
DA:38,4
DA:41,4
DA:46,8
DA:47,15
DA:48,6
DA:53,4
DA:60,2
DA:65,2
DA:71,1
DA:72,3
DA:73,0
DA:74,2
DA:76,2
DA:77,1
DA:79,5
DA:80,1
DA:82,2
DA:83,6
DA:84,1
DA:85,2
DA:88,1
DA:92,1
DA:94,2
DA:95,1
DA:98,1
DA:105,1
DA:107,1
DA:108,2
DA:109,1
DA:112,2
DA:113,2
DA:116,1
DA:117,0
DA:119,0
DA:124,0
DA:132,1
DA:133,1
DA:134,1
DA:135,1
DA:138,1
DA:140,1
DA:141,1
DA:144,1
DA:146,1
DA:147,1
DA:150,1
DA:152,1
DA:153,1
DA:156,1
DA:158,1
DA:163,1
DA:165,1
DA:168,1
DA:171,0
DA:173,0
DA:176,0
DA:177,0
DA:178,0
DA:180,0
DA:182,0
DA:183,0
DA:185,0
DA:191,1
DA:194,1
DA:195,0
DA:196,0
DA:199,0
DA:200,0
DA:202,0
DA:211,1
DA:219,1
DA:227,1
DA:229,0
DA:230,0
DA:231,0
DA:233,0
DA:234,0
DA:237,1
DA:245,1
DA:253,1
DA:255,0
DA:256,0
DA:259,0
DA:260,0
DA:262,0
DA:263,0
DA:268,1
DA:275,2
DA:276,1
DA:281,0
DA:286,1
DA:293,2
DA:294,1
DA:299,1
DA:304,1
DA:305,2
DA:306,1
DA:307,3
DA:308,1
DA:309,1
LF:105
LH:75
end_of_record
SF:lib/framework/network/adapter/dragonfly_network_options.dart
DA:3,1
LF:1
LH:1
end_of_record
SF:lib/framework/network/adapter/dragonfly_realtime_adapter.dart
DA:64,3
DA:70,2
DA:71,2
DA:72,8
DA:73,6
LF:5
LH:5
end_of_record
SF:lib/framework/network/adapter/dragonfly_web_socket_adapter.dart
DA:28,0
DA:30,0
DA:31,0
DA:35,0
DA:36,0
DA:38,0
DA:39,0
DA:41,0
DA:42,0
DA:61,5
DA:83,0
DA:85,2
DA:86,2
DA:88,1
DA:89,2
DA:91,2
DA:93,5
DA:94,2
DA:96,2
DA:97,2
DA:98,6
DA:103,6
DA:104,4
DA:105,2
DA:107,6
DA:108,2
DA:109,2
DA:110,2
DA:114,2
DA:115,2
DA:116,2
DA:117,0
DA:123,6
DA:124,6
DA:127,2
DA:129,0
DA:130,0
DA:135,0
DA:136,0
DA:140,0
DA:142,2
DA:145,2
DA:148,2
DA:150,2
DA:151,2
DA:152,2
DA:154,4
DA:155,2
DA:156,4
DA:157,2
DA:161,6
DA:162,4
DA:163,4
DA:164,2
DA:167,2
DA:170,2
DA:175,6
DA:178,2
DA:183,6
DA:186,2
DA:188,2
DA:189,2
DA:190,10
DA:191,6
DA:193,6
DA:198,2
DA:199,4
DA:203,2
DA:206,2
DA:209,12
DA:210,0
DA:211,0
DA:215,2
DA:216,4
DA:217,2
DA:220,4
DA:224,2
DA:225,4
DA:226,2
DA:230,4
DA:231,2
DA:232,2
DA:234,8
DA:235,6
DA:236,10
DA:237,0
DA:241,2
DA:242,4
DA:243,2
DA:244,0
DA:245,0
DA:246,0
DA:250,2
DA:253,4
DA:255,1
DA:256,0
DA:262,2
DA:264,0
DA:265,0
DA:270,2
DA:271,4
DA:274,3
DA:275,4
DA:280,2
DA:281,2
DA:283,4
DA:286,8
DA:289,1
DA:290,1
DA:291,0
DA:296,3
DA:297,1
DA:298,1
DA:299,1
DA:302,1
DA:305,1
DA:306,2
DA:307,1
DA:308,0
DA:311,1
DA:314,1
DA:316,3
DA:317,1
DA:320,2
DA:321,1
DA:324,0
DA:325,0
DA:326,0
DA:327,0
DA:328,0
DA:332,0
DA:335,0
DA:336,0
DA:337,0
DA:339,0
DA:341,0
DA:342,0
DA:343,0
DA:344,0
DA:345,0
DA:349,2
DA:350,4
DA:351,2
DA:352,8
DA:355,2
DA:356,2
DA:357,0
DA:358,0
DA:359,0
DA:362,2
DA:363,2
DA:364,4
DA:366,0
DA:367,0
DA:373,2
DA:379,4
DA:393,6
DA:395,2
DA:396,8
DA:399,1
DA:400,4
DA:403,6
LF:162
LH:115
end_of_record
SF:lib/framework/network/config/dragonfly_realtime_config.dart
DA:11,4
LF:1
LH:1
end_of_record
SF:lib/framework/mapper/json_datatype_mapper.dart
DA:37,1
DA:43,1
DA:44,1
DA:47,1
DA:58,1
DA:59,1
DA:62,1
DA:63,1
DA:68,1
DA:69,1
DA:73,1
DA:78,1
DA:79,1
DA:88,1
DA:100,1
DA:101,1
DA:114,1
DA:119,1
DA:121,1
DA:122,1
DA:125,1
DA:126,1
DA:129,1
DA:138,1
DA:143,1
DA:146,1
DA:147,1
DA:148,2
DA:152,2
DA:154,1
DA:155,1
DA:158,2
DA:162,1
DA:167,3
DA:172,3
DA:177,0
DA:178,1
DA:185,1
DA:190,1
DA:193,1
DA:194,1
DA:195,2
DA:199,4
DA:207,1
DA:213,1
DA:216,1
DA:217,1
DA:218,2
DA:222,5
DA:228,1
DA:233,1
DA:237,1
DA:245,1
DA:250,1
DA:252,1
DA:253,1
DA:256,1
DA:257,1
DA:261,1
DA:263,1
DA:264,0
DA:266,1
DA:267,2
DA:271,1
DA:275,1
DA:280,1
DA:285,1
DA:286,1
DA:287,2
DA:291,2
DA:296,1
DA:297,2
DA:298,1
DA:299,1
DA:300,1
DA:301,1
DA:302,1
DA:303,1
DA:304,1
DA:307,1
DA:308,1
DA:309,1
DA:312,1
DA:313,1
DA:314,3
DA:317,1
DA:318,1
DA:320,1
DA:321,1
DA:322,1
DA:324,1
DA:325,1
DA:327,0
DA:332,1
DA:333,1
DA:334,1
DA:336,1
DA:337,1
DA:344,1
DA:349,1
DA:353,1
DA:354,1
DA:360,0
DA:362,0
DA:366,1
DA:367,1
DA:374,0
DA:375,0
DA:380,1
DA:382,1
DA:383,1
DA:384,1
DA:385,1
DA:386,1
DA:387,1
DA:388,1
DA:389,1
DA:390,1
DA:399,1
DA:401,1
DA:402,2
LF:121
LH:114
end_of_record
SF:lib/framework/constructors/generic_builder_class.dart
DA:4,0
DA:6,0
DA:7,0
LF:3
LH:0
end_of_record
SF:lib/framework/state/state_controller.dart
DA:26,3
DA:28,3
DA:29,3
DA:30,0
DA:42,6
DA:45,9
DA:48,4
DA:52,3
DA:55,0
DA:57,0
DA:60,2
DA:62,2
DA:64,2
DA:65,0
DA:66,0
DA:67,0
DA:68,0
DA:72,2
DA:73,4
DA:82,2
DA:88,2
DA:89,4
DA:93,0
DA:96,3
DA:99,0
DA:103,0
DA:104,0
DA:107,3
DA:109,3
DA:110,3
DA:112,3
DA:113,0
DA:116,6
DA:117,6
LF:34
LH:22
end_of_record
SF:lib/framework/state/state_builder.dart
DA:26,2
DA:42,2
DA:44,2
DA:51,2
DA:53,2
DA:54,8
DA:55,2
DA:58,0
DA:60,0
DA:61,0
DA:62,0
DA:63,0
DA:64,0
DA:68,2
DA:69,11
DA:70,1
DA:71,4
DA:73,1
DA:76,3
DA:80,2
DA:82,4
DA:83,2
DA:86,2
DA:87,8
LF:24
LH:18
end_of_record
SF:lib/framework/ddd/aggregate_exception.dart
DA:7,1
DA:9,1
DA:10,2
LF:3
LH:3
end_of_record
SF:lib/framework/state/action_scheduler.dart
DA:19,2
DA:22,0
DA:25,3
DA:34,3
DA:40,3
DA:43,2
DA:44,1
DA:45,2
DA:48,2
DA:52,8
DA:53,6
DA:54,11
DA:55,4
DA:56,4
DA:57,4
DA:62,1
DA:67,1
DA:68,3
DA:69,2
DA:70,2
DA:77,2
DA:78,6
DA:79,4
DA:80,4
DA:84,4
DA:85,9
DA:86,1
DA:88,8
DA:89,8
DA:90,8
DA:94,4
DA:95,4
DA:96,4
DA:97,4
LF:34
LH:33
end_of_record
SF:lib/framework/session/session_storage.dart
DA:37,6
DA:38,12
DA:40,5
DA:41,10
DA:43,6
DA:45,12
DA:47,5
DA:49,10
DA:51,6
DA:52,12
DA:54,3
DA:55,6
DA:57,6
DA:58,12
DA:60,3
DA:61,6
DA:70,1
DA:72,1
DA:73,2
DA:75,1
DA:77,2
DA:79,1
DA:81,2
DA:83,2
DA:87,1
DA:89,2
DA:91,1
DA:92,2
DA:94,1
DA:96,2
DA:98,1
DA:99,2
DA:101,1
DA:102,2
DA:108,2
DA:109,2
DA:112,2
DA:119,2
DA:120,4
LF:39
LH:39
end_of_record
SF:lib/framework/session/dragonfly_session_manager.dart
DA:59,8
DA:117,4
DA:128,4
DA:133,4
DA:134,4
DA:139,8
DA:175,8
DA:182,6
DA:185,4
DA:188,12
DA:191,6
DA:194,6
DA:197,6
DA:200,9
DA:203,9
DA:206,4
DA:209,2
DA:210,2
DA:211,6
DA:215,3
DA:218,1
DA:219,1
DA:220,4
DA:232,4
DA:237,4
DA:238,4
DA:241,5
DA:243,8
DA:245,8
DA:246,3
DA:249,8
DA:252,16
DA:257,3
DA:258,3
DA:260,3
DA:263,12
DA:264,12
DA:265,12
DA:267,12
DA:269,15
DA:271,1
DA:272,1
DA:275,2
DA:278,2
DA:279,2
DA:282,0
DA:286,1
DA:287,0
DA:288,0
DA:292,1
DA:293,2
DA:295,3
DA:298,0
DA:300,0
DA:315,4
DA:322,8
DA:324,4
DA:325,7
DA:326,7
DA:330,3
DA:331,3
DA:335,2
DA:337,3
DA:344,9
DA:345,8
DA:346,5
DA:350,10
DA:351,2
DA:354,4
DA:356,8
DA:359,4
DA:360,8
DA:361,8
DA:362,7
DA:368,2
DA:369,2
DA:371,10
DA:373,2
DA:374,12
DA:377,12
DA:378,2
DA:379,10
DA:381,2
DA:382,0
DA:383,0
DA:384,0
DA:390,4
DA:391,8
DA:393,4
DA:394,4
DA:395,4
DA:396,4
DA:397,4
DA:400,11
DA:401,12
DA:402,12
DA:403,12
DA:404,12
DA:405,15
DA:408,4
DA:409,8
DA:413,2
DA:414,2
DA:417,3
DA:420,4
DA:421,0
DA:422,0
DA:423,0
DA:424,0
DA:425,0
DA:430,4
DA:440,2
DA:441,2
DA:443,4
DA:445,0
DA:451,2
DA:452,2
DA:453,2
DA:456,2
DA:458,3
DA:462,4
DA:463,0
DA:468,2
DA:469,4
DA:477,9
DA:480,3
DA:481,12
DA:485,2
DA:486,8
DA:490,9
DA:493,2
DA:494,8
DA:498,2
DA:499,8
DA:503,2
DA:504,4
DA:505,4
DA:506,0
DA:511,2
DA:512,4
DA:513,4
DA:514,0
DA:519,2
DA:520,4
DA:521,4
DA:522,0
DA:523,0
DA:528,2
DA:529,4
DA:530,4
DA:531,0
DA:532,0
DA:543,3
DA:551,3
DA:555,3
DA:556,2
DA:557,2
DA:558,1
DA:559,4
DA:561,4
DA:565,3
DA:566,3
DA:567,1
DA:568,1
DA:569,2
DA:571,2
DA:573,3
DA:574,3
DA:575,4
DA:576,6
DA:578,6
DA:582,2
DA:583,2
DA:584,0
DA:585,0
DA:586,0
DA:588,0
DA:590,2
DA:591,1
DA:592,2
DA:593,2
DA:595,2
DA:601,3
DA:602,9
DA:603,5
DA:610,4
DA:611,8
DA:613,4
DA:614,8
DA:616,6
DA:617,2
DA:622,2
DA:623,4
DA:627,2
DA:628,4
DA:632,0
DA:633,0
DA:634,0
DA:639,1
DA:640,1
LF:200
LH:172
end_of_record
SF:lib/framework/session/authenticated_network_adapter.dart
DA:46,1
DA:54,2
DA:58,1
DA:60,2
DA:62,4
DA:63,4
DA:64,4
DA:65,4
DA:71,1
DA:73,2
DA:75,3
DA:76,2
DA:78,2
DA:83,1
DA:85,2
DA:90,1
DA:91,1
DA:92,2
DA:94,2
DA:100,1
DA:107,2
DA:110,1
DA:117,2
DA:120,1
DA:128,1
DA:129,1
DA:131,2
DA:133,1
DA:140,1
DA:148,1
DA:149,1
DA:151,2
DA:153,1
DA:160,1
DA:161,2
DA:163,1
DA:164,2
DA:177,4
DA:186,2
DA:188,1
DA:191,1
DA:193,1
DA:195,4
DA:196,4
DA:197,4
DA:198,4
DA:204,1
DA:206,3
DA:207,2
DA:209,2
DA:214,1
DA:216,2
DA:217,1
DA:218,2
DA:220,2
LF:55
LH:55
end_of_record
SF:lib/framework/form/form_field_state.dart
DA:22,8
DA:25,4
DA:28,4
DA:31,6
DA:33,2
DA:41,2
DA:48,2
DA:49,2
DA:50,2
DA:51,2
DA:52,2
DA:57,1
DA:58,1
DA:59,1
DA:60,1
DA:66,1
DA:69,1
DA:70,3
DA:71,3
DA:72,3
DA:73,3
DA:76,1
DA:77,5
DA:79,1
DA:81,5
LF:25
LH:25
end_of_record
SF:lib/framework/form/validators.dart
DA:18,0
DA:26,3
DA:30,4
DA:38,4
DA:39,8
DA:40,4
DA:42,4
DA:43,3
DA:44,3
DA:50,2
DA:51,4
DA:52,2
DA:55,2
DA:56,2
DA:57,2
DA:62,1
DA:63,2
DA:64,1
DA:65,1
DA:66,2
DA:71,1
DA:72,2
DA:73,1
DA:74,1
DA:75,2
DA:80,1
DA:81,2
DA:82,1
DA:83,1
DA:84,1
DA:85,1
DA:90,1
DA:91,2
DA:92,1
DA:93,1
DA:95,1
DA:96,2
DA:104,1
DA:105,2
DA:106,1
DA:107,1
DA:108,1
DA:109,1
DA:114,1
DA:115,2
DA:116,1
DA:117,1
DA:118,1
DA:119,1
DA:124,1
DA:125,2
DA:126,1
DA:127,1
DA:128,1
DA:129,1
DA:134,1
DA:135,2
DA:136,1
DA:137,1
DA:138,1
DA:139,1
DA:148,1
DA:149,2
DA:150,1
DA:152,1
DA:157,1
DA:158,2
DA:159,1
DA:161,1
DA:166,1
DA:167,2
DA:168,1
DA:170,2
DA:175,1
DA:176,2
DA:177,1
DA:179,1
DA:184,1
DA:185,2
DA:186,1
DA:188,1
DA:197,1
DA:198,2
DA:199,1
DA:201,1
DA:206,1
DA:207,2
DA:208,1
DA:210,1
DA:219,1
DA:220,2
DA:221,1
DA:223,2
DA:228,1
DA:229,2
DA:230,1
DA:232,2
DA:237,1
DA:238,2
DA:239,1
DA:241,4
DA:242,1
DA:251,1
DA:252,2
DA:253,1
DA:255,2
DA:260,1
DA:261,2
DA:262,1
DA:264,2
DA:273,1
DA:274,2
DA:275,1
DA:277,1
DA:278,1
DA:283,1
DA:284,2
DA:285,1
DA:287,1
DA:288,1
DA:297,1
DA:302,2
DA:303,1
DA:304,1
DA:305,1
DA:308,2
DA:309,1
DA:315,1
DA:320,2
DA:321,1
DA:322,1
DA:323,1
DA:326,2
DA:327,1
DA:337,1
DA:338,2
DA:339,1
DA:340,1
DA:343,2
DA:346,2
DA:351,4
DA:352,2
DA:354,1
DA:355,2
DA:357,1
DA:361,2
DA:366,1
DA:367,2
DA:368,1
DA:369,1
DA:370,1
DA:371,1
DA:376,1
DA:377,2
DA:378,1
DA:379,1
DA:381,1
DA:382,1
DA:384,1
DA:385,2
DA:386,2
DA:389,1
DA:390,1
DA:393,2
DA:394,1
DA:396,1
DA:405,1
DA:413,2
DA:414,1
DA:415,1
DA:417,1
DA:419,2
DA:420,3
DA:422,2
DA:423,3
DA:425,2
DA:426,3
DA:428,2
DA:429,3
DA:431,2
DA:432,3
DA:435,1
DA:437,2
DA:447,1
DA:448,1
DA:449,2
DA:450,1
DA:458,0
DA:459,0
DA:460,0
DA:461,0
LF:191
LH:186
end_of_record
SF:lib/framework/form/dragonfly_validation_messages.dart
DA:20,12
DA:22,4
DA:23,4
DA:24,6
DA:25,6
DA:26,2
DA:27,3
DA:28,3
DA:29,3
DA:30,2
DA:31,2
DA:32,6
DA:33,6
DA:34,6
DA:35,2
DA:36,2
DA:37,2
DA:38,2
DA:39,2
DA:40,2
DA:41,6
DA:42,6
DA:43,6
DA:44,2
DA:45,2
DA:46,2
DA:47,3
DA:48,2
DA:49,2
DA:50,2
DA:51,6
DA:52,2
DA:53,2
DA:54,2
DA:55,2
DA:56,3
DA:57,6
DA:59,2
DA:60,2
DA:61,3
DA:62,6
DA:63,2
DA:64,4
LF:43
LH:43
end_of_record
SF:lib/framework/form/form_controller.dart
DA:25,6
DA:28,0
DA:31,6
DA:34,6
DA:37,1
DA:38,5
DA:42,1
DA:43,5
DA:47,0
DA:48,0
DA:49,0
DA:50,0
DA:51,0
DA:56,1
DA:57,2
DA:61,2
DA:62,2
DA:63,2
DA:68,3
DA:69,1
DA:70,0
DA:78,1
DA:80,3
DA:81,1
DA:90,4
DA:93,4
DA:96,4
DA:99,4
DA:102,4
DA:105,4
LF:30
LH:23
end_of_record
SF:lib/framework/form/validated_widgets.dart
DA:22,0
DA:118,0
DA:120,0
DA:121,0
DA:122,0
DA:123,0
DA:124,0
DA:126,0
DA:127,0
DA:128,0
DA:129,0
DA:131,0
DA:132,0
DA:134,0
DA:137,0
DA:138,0
DA:139,0
DA:140,0
DA:141,0
DA:144,0
DA:145,0
DA:146,0
DA:147,0
DA:148,0
DA:149,0
DA:150,0
DA:151,0
DA:152,0
DA:153,0
DA:154,0
DA:155,0
DA:156,0
DA:157,0
DA:158,0
DA:159,0
DA:169,0
DA:206,0
DA:208,0
DA:209,0
DA:210,0
DA:211,0
DA:212,0
DA:214,0
DA:215,0
DA:216,0
DA:217,0
DA:219,0
DA:220,0
DA:222,0
DA:225,0
DA:226,0
DA:227,0
DA:230,0
DA:231,0
DA:232,0
DA:233,0
DA:234,0
DA:235,0
DA:237,0
DA:239,0
DA:240,0
DA:241,0
DA:243,0
DA:253,0
DA:282,0
DA:284,0
DA:285,0
DA:286,0
DA:287,0
DA:288,0
DA:290,0
DA:291,0
DA:292,0
DA:293,0
DA:295,0
DA:298,0
DA:299,0
DA:301,0
DA:302,0
DA:303,0
DA:304,0
DA:305,0
DA:306,0
DA:309,0
DA:311,0
DA:313,0
DA:314,0
DA:328,0
DA:357,0
DA:359,0
DA:360,0
DA:361,0
DA:362,0
DA:363,0
DA:365,0
DA:366,0
DA:367,0
DA:368,0
DA:370,0
DA:373,0
DA:374,0
DA:376,0
DA:377,0
DA:378,0
DA:379,0
DA:380,0
DA:381,0
DA:384,0
DA:386,0
DA:388,0
DA:389,0
DA:403,0
DA:432,0
DA:433,0
DA:434,0
DA:437,0
DA:439,0
DA:440,0
DA:441,0
DA:442,0
DA:443,0
DA:445,0
DA:446,0
DA:447,0
DA:448,0
DA:450,0
DA:451,0
DA:452,0
DA:453,0
DA:455,0
DA:456,0
DA:457,0
DA:460,0
DA:462,0
DA:465,0
DA:466,0
DA:467,0
DA:471,0
DA:472,0
DA:474,0
DA:488,0
DA:499,0
DA:501,0
DA:502,0
DA:503,0
DA:510,0
DA:531,0
DA:533,0
DA:534,0
DA:535,0
DA:536,0
DA:537,0
DA:538,0
DA:540,0
DA:542,0
DA:543,0
DA:550,0
LF:157
LH:0
end_of_record
SF:lib/framework/logging/dragonfly_log_colors.dart
DA:9,0
DA:64,1
DA:65,1
DA:66,1
DA:68,1
DA:70,1
DA:72,1
DA:74,1
DA:82,1
DA:83,2
DA:84,2
DA:85,2
DA:86,1
LF:13
LH:12
end_of_record
SF:lib/framework/logging/dragonfly_log_entry.dart
DA:29,9
DA:38,9
DA:40,2
DA:41,6
DA:64,4
DA:72,4
DA:74,4
DA:106,4
DA:116,4
DA:118,4
DA:124,10
DA:127,10
DA:130,6
DA:150,4
DA:160,4
DA:164,4
LF:16
LH:16
end_of_record
SF:lib/framework/logging/dragonfly_log_formatter.dart
DA:10,0
DA:38,5
DA:39,5
DA:40,10
DA:43,10
DA:44,7
DA:46,10
DA:47,15
DA:52,15
DA:55,15
DA:56,5
DA:57,10
DA:61,5
DA:62,3
DA:66,5
DA:67,1
DA:68,4
DA:69,2
DA:70,2
DA:75,15
DA:77,5
DA:81,1
DA:82,1
DA:85,1
DA:87,1
DA:88,2
DA:89,1
DA:90,7
DA:91,2
DA:94,4
DA:95,1
DA:96,9
DA:99,3
DA:100,1
DA:101,3
DA:102,2
DA:106,3
DA:107,1
DA:108,3
DA:109,2
DA:113,1
DA:114,1
DA:115,3
DA:116,2
DA:120,2
DA:122,1
DA:126,1
DA:127,1
DA:130,1
DA:134,1
DA:136,1
DA:138,1
DA:144,1
DA:145,2
DA:146,1
DA:147,7
DA:148,2
DA:152,4
DA:153,1
DA:154,9
DA:157,3
DA:158,1
DA:159,9
DA:162,3
DA:163,1
DA:164,3
DA:165,4
DA:166,1
DA:167,3
DA:168,1
DA:169,12
DA:174,1
DA:175,1
DA:176,3
DA:177,2
DA:181,2
DA:183,1
DA:187,2
DA:188,2
DA:191,2
DA:192,4
DA:194,2
DA:195,4
DA:196,2
DA:197,20
DA:198,4
DA:201,6
DA:202,2
DA:203,18
DA:206,2
DA:207,4
DA:208,2
DA:209,10
DA:213,6
DA:214,2
DA:215,6
DA:216,4
DA:220,2
DA:221,6
DA:222,2
DA:223,22
DA:226,2
DA:227,2
DA:228,6
DA:229,2
DA:230,26
DA:234,2
DA:235,2
DA:236,6
DA:237,8
DA:238,4
DA:239,2
DA:240,18
DA:244,4
DA:246,2
DA:250,5
DA:251,20
DA:252,15
DA:253,15
DA:254,15
DA:258,2
DA:259,4
DA:260,6
DA:264,5
DA:266,5
DA:268,10
DA:269,20
DA:274,2
DA:275,4
DA:276,4
DA:277,4
DA:278,6
DA:280,4
DA:281,2
DA:282,2
DA:283,18
DA:288,1
DA:291,1
DA:294,1
DA:296,0
DA:299,0
DA:302,3
DA:303,2
DA:304,2
DA:305,1
DA:306,5
DA:309,2
DA:310,1
DA:311,0
DA:312,0
DA:313,0
LF:151
LH:145
end_of_record
SF:lib/framework/logging/dragonfly_log_manager.dart
DA:28,9
DA:33,9
DA:34,9
DA:39,2
DA:70,3
DA:73,6
DA:80,8
DA:83,8
DA:86,4
DA:89,6
DA:92,2
DA:93,2
DA:94,2
DA:98,2
DA:99,2
DA:100,4
DA:104,6
DA:107,9
DA:110,9
DA:117,3
DA:123,6
DA:133,7
DA:139,14
DA:149,7
DA:155,14
DA:165,6
DA:171,12
DA:181,3
DA:189,6
DA:201,2
DA:209,4
DA:225,3
DA:226,3
DA:228,18
DA:232,2
DA:241,2
DA:244,2
DA:250,2
DA:254,2
DA:265,2
DA:276,2
DA:284,2
DA:289,4
DA:299,2
DA:307,2
DA:316,2
DA:320,2
DA:327,2
DA:335,2
DA:339,2
DA:348,2
DA:358,2
DA:366,2
DA:367,4
DA:368,6
DA:372,2
DA:377,4
DA:378,1
DA:379,1
DA:380,1
DA:381,4
DA:385,2
DA:392,4
DA:395,2
DA:396,1
DA:397,6
DA:401,2
DA:406,4
DA:407,1
DA:408,1
DA:409,1
DA:411,4
DA:415,2
DA:420,4
DA:422,8
DA:426,1
DA:427,2
DA:429,2
DA:433,1
DA:434,2
DA:436,2
DA:440,1
DA:441,2
DA:443,2
DA:447,1
DA:452,2
DA:454,2
DA:458,1
DA:459,2
DA:461,2
DA:465,1
DA:466,2
DA:468,2
DA:472,2
DA:473,4
DA:474,2
DA:478,2
DA:481,4
DA:483,4
DA:486,4
DA:488,2
DA:491,4
DA:496,2
DA:498,4
DA:500,1
DA:502,4
DA:503,0
DA:509,1
DA:510,3
DA:511,2
DA:512,2
DA:513,2
DA:514,1
DA:522,3
DA:523,6
DA:525,2
DA:540,2
DA:542,10
DA:544,2
DA:546,2
DA:548,2
DA:552,3
DA:553,6
DA:557,10
DA:560,4
DA:568,7
DA:569,7
DA:570,35
DA:573,7
DA:574,2
DA:575,4
DA:576,2
DA:581,10
DA:582,3
DA:586,14
DA:589,7
DA:590,4
DA:592,4
DA:596,2
DA:597,2
DA:600,2
DA:601,0
DA:602,0
DA:603,0
DA:608,3
DA:609,1
DA:613,4
DA:616,2
DA:618,0
DA:619,0
DA:620,0
DA:621,0
DA:623,0
DA:626,0
DA:630,2
DA:631,2
DA:634,2
DA:635,0
DA:636,0
DA:637,0
DA:642,3
DA:643,1
DA:647,4
DA:650,2
DA:651,1
DA:653,1
DA:658,1
DA:659,2
DA:660,2
DA:661,2
DA:666,4
LF:171
LH:158
end_of_record
SF:lib/framework/testing/controller_test.dart
DA:10,1
DA:37,1
DA:38,2
DA:39,1
DA:44,0
DA:47,2
DA:108,1
DA:113,1
DA:114,1
DA:115,3
DA:118,1
DA:120,1
DA:121,1
DA:123,1
DA:124,1
DA:126,1
DA:127,1
DA:156,1
DA:157,6
DA:167,3
DA:170,2
DA:173,0
DA:174,0
DA:175,0
DA:179,3
DA:190,2
LF:26
LH:22
end_of_record
SF:lib/framework/i18n/dragonfly_i18n.dart
DA:40,1
DA:43,1
DA:44,1
DA:56,2
DA:59,1
DA:60,4
DA:67,1
DA:68,2
DA:70,2
DA:71,4
DA:84,0
DA:85,0
DA:89,1
DA:91,6
DA:93,1
DA:95,3
DA:96,1
DA:97,1
DA:100,1
DA:102,4
DA:104,1
LF:21
LH:19
end_of_record
SF:lib/framework/i18n/dragonfly_i18n_adapter.dart
DA:42,0
LF:1
LH:0
end_of_record
SF:lib/framework/i18n/dragonfly_arb_adapter.dart
DA:26,1
DA:30,2
DA:36,1
DA:38,3
DA:40,0
DA:42,0
DA:43,0
DA:44,0
DA:45,0
DA:47,0
DA:48,0
DA:49,0
LF:12
LH:4
end_of_record
SF:lib/framework/i18n/dragonfly_json_adapter.dart
DA:23,1
DA:26,2
DA:31,1
DA:33,3
DA:35,0
DA:37,0
DA:38,0
DA:39,0
DA:40,0
LF:9
LH:4
end_of_record
SF:lib/framework/config/dragonfly_interceptor.dart
DA:8,9
LF:1
LH:1
end_of_record
SF:lib/framework/network/exceptions/dragonfly_http_exception.dart
DA:8,2
DA:10,1
DA:11,2
LF:3
LH:3
end_of_record
SF:lib/framework/network/exceptions/dragonfly_network_invalid_method_exception.dart
DA:3,9
LF:1
LH:1
end_of_record
